-------------------------------------------------------------------------------
Test set: RemoveDuplicatesFromSortedListTest
-------------------------------------------------------------------------------
Tests run: 4, Failures: 0, Errors: 4, Skipped: 0, Time elapsed: 0.003 sec <<< FAILURE! - in RemoveDuplicatesFromSortedListTest
removeDuplicates1(RemoveDuplicatesFromSortedListTest)  Time elapsed: 0.001 sec  <<< ERROR!
java.lang.Error: Unresolved compilation problems: 
	The constructor ListNode<Intger>(int, ListNode<Integer>) is undefined
	ListNode<Intger> cannot be resolved to a type
	Intger cannot be resolved to a type

	at RemoveDuplicatesFromSortedList.removeDuplicates(RemoveDuplicatesFromSortedList.java:8)
	at RemoveDuplicatesFromSortedListTest.test(RemoveDuplicatesFromSortedListTest.java:41)
	at RemoveDuplicatesFromSortedListTest.removeDuplicates1(RemoveDuplicatesFromSortedListTest.java:13)

removeDuplicates2(RemoveDuplicatesFromSortedListTest)  Time elapsed: 0 sec  <<< ERROR!
java.lang.Error: Unresolved compilation problems: 
	The constructor ListNode<Intger>(int, ListNode<Integer>) is undefined
	ListNode<Intger> cannot be resolved to a type
	Intger cannot be resolved to a type

	at RemoveDuplicatesFromSortedList.removeDuplicates(RemoveDuplicatesFromSortedList.java:8)
	at RemoveDuplicatesFromSortedListTest.test(RemoveDuplicatesFromSortedListTest.java:41)
	at RemoveDuplicatesFromSortedListTest.removeDuplicates2(RemoveDuplicatesFromSortedListTest.java:21)

removeDuplicates3(RemoveDuplicatesFromSortedListTest)  Time elapsed: 0 sec  <<< ERROR!
java.lang.Error: Unresolved compilation problems: 
	The constructor ListNode<Intger>(int, ListNode<Integer>) is undefined
	ListNode<Intger> cannot be resolved to a type
	Intger cannot be resolved to a type

	at RemoveDuplicatesFromSortedList.removeDuplicates(RemoveDuplicatesFromSortedList.java:8)
	at RemoveDuplicatesFromSortedListTest.test(RemoveDuplicatesFromSortedListTest.java:41)
	at RemoveDuplicatesFromSortedListTest.removeDuplicates3(RemoveDuplicatesFromSortedListTest.java:29)

removeDuplicates4(RemoveDuplicatesFromSortedListTest)  Time elapsed: 0 sec  <<< ERROR!
java.lang.Error: Unresolved compilation problems: 
	The constructor ListNode<Intger>(int, ListNode<Integer>) is undefined
	ListNode<Intger> cannot be resolved to a type
	Intger cannot be resolved to a type

	at RemoveDuplicatesFromSortedList.removeDuplicates(RemoveDuplicatesFromSortedList.java:8)
	at RemoveDuplicatesFromSortedListTest.test(RemoveDuplicatesFromSortedListTest.java:41)
	at RemoveDuplicatesFromSortedListTest.removeDuplicates4(RemoveDuplicatesFromSortedListTest.java:37)

